2026-04-12 17:08:39 | INFO     | 🚀 Начинаем парсинг: https://t.me/s/sochiautoparts
2026-04-12 17:08:39 | INFO     | 📊 Лимит: 2000, Режим: инкрементальный
2026-04-12 17:08:40 | INFO     | 📦 Загружен кеш: 1513 постов
2026-04-12 17:08:40 | INFO     | 📄 Страница 1: https://t.me/s/sochiautoparts
2026-04-12 17:08:40 | INFO     | 🔍 Найдено элементов: 12
2026-04-12 17:08:40 | INFO     | 🛑 Достигнут известный пост sochiautoparts/86104, останавливаемся
2026-04-12 17:08:40 | INFO     | 📈 Страница 1: новых постов 1
2026-04-12 17:08:40 | INFO     | ✅ Парсинг завершён. Всего: 2, Новых: 1
2026-04-12 17:08:40 | INFO     | 💾 Кеш сохранён: 1514 постов
2026-04-12 17:08:41 | INFO     | 🗺️ MediaMap сохранён: 4530 медиа
2026-04-12 17:08:41 | INFO     | 📝 Latest сохранён: 10 постов
2026-04-12 17:10:27 | INFO     | 🚀 Начинаем парсинг: https://t.me/s/sochiautoparts
2026-04-12 17:10:27 | INFO     | 📊 Лимит: 3000, Режим: инкрементальный
2026-04-12 17:10:27 | INFO     | 📦 Загружен кеш: 1514 постов
2026-04-12 17:10:27 | INFO     | 📄 Страница 1: https://t.me/s/sochiautoparts
2026-04-12 17:10:28 | INFO     | 🔍 Найдено элементов: 12
2026-04-12 17:10:28 | INFO     | 🛑 Достигнут известный пост sochiautoparts/86096, останавливаемся
2026-04-12 17:10:28 | INFO     | 📈 Страница 1: новых постов 0
2026-04-12 17:10:28 | INFO     | ✅ Парсинг завершён. Всего: 1, Новых: 0
2026-04-12 17:10:28 | INFO     | 💾 Кеш сохранён: 1514 постов
2026-04-12 17:10:28 | INFO     | 🗺️ MediaMap сохранён: 4530 медиа
2026-04-12 17:10:28 | INFO     | 📝 Latest сохранён: 10 постов
2026-04-12 17:19:48 | INFO     | 🚀 Парсинг: https://t.me/s/sochiautoparts
2026-04-12 17:19:48 | INFO     | 📊 Режим: incremental=True, force=False
2026-04-12 17:19:48 | INFO     | 📦 Загружен кеш: 1514 постов
2026-04-12 17:19:48 | INFO     | 📌 Последний известный пост: sochiautoparts/86106
2026-04-12 17:19:48 | INFO     | 📄 Страница 1: https://t.me/s/sochiautoparts
2026-04-12 17:19:48 | INFO     | 🔍 Найдено элементов: 12
2026-04-12 17:19:48 | INFO     | 🛑 Известный пост sochiautoparts/86096, останавливаемся
2026-04-12 17:19:48 | INFO     | 📈 Страница 1: новых=0, всего=1
2026-04-12 17:19:48 | INFO     | ✅ Парсинг завершён. Всего: 1, Новых: 0
2026-04-12 17:19:49 | INFO     | 💾 Кеш сохранён: 1514 постов
2026-04-12 17:19:49 | INFO     | 🗺️ MediaMap сохранён: 4530 медиа
2026-04-12 17:19:49 | INFO     | 📝 Latest сохранён: 10 постов
2026-04-12 17:26:20 | INFO     | 🚀 Парсинг: https://t.me/s/sochiautoparts
2026-04-12 17:26:20 | INFO     | 📊 Режим: incremental=True, force=False
2026-04-12 17:26:20 | INFO     | 📦 Загружен кеш: 1514 постов
2026-04-12 17:26:20 | INFO     | 📌 Последний известный пост: sochiautoparts/86106
2026-04-12 17:26:20 | INFO     | 📄 Страница 1: https://t.me/s/sochiautoparts
2026-04-12 17:26:21 | INFO     | 🔍 Найдено элементов: 12
2026-04-12 17:26:21 | INFO     | 🛑 Известный пост sochiautoparts/86096, останавливаемся
2026-04-12 17:26:21 | INFO     | 📈 Страница 1: новых=0, всего=1
2026-04-12 17:26:21 | INFO     | ✅ Парсинг завершён. Всего: 1, Новых: 0
2026-04-12 17:26:21 | INFO     | 💾 Кеш сохранён: 1514 постов
2026-04-12 17:26:21 | INFO     | 🗺️ MediaMap сохранён: 4530 медиа
2026-04-12 17:26:21 | INFO     | 📝 Latest сохранён: 10 постов
